<?xml version="1.0" encoding="UTF-8"?>
<testng-results skipped="0" failed="0" total="0" passed="0">
  <reporter-output>
  </reporter-output>
  <suite name="com.test.payslip.AppTest" duration-ms="5" started-at="2018-07-25T09:47:40Z" finished-at="2018-07-25T09:47:40Z">
    <groups>
    </groups>
    <test name="Command line test" duration-ms="5" started-at="2018-07-25T09:47:40Z" finished-at="2018-07-25T09:47:40Z">
    </test> <!-- Command line test -->
  </suite> <!-- com.test.payslip.AppTest -->
</testng-results>
